<?xml version="1.0" encoding="UTF-8"?>
<!-- Generated by org.testng.reporters.JUnitReportReporter -->
<testsuite hostname="LAPTOP-2N27VAFV" failures="0" tests="1" name="com.maven.testng.TestNg.ParameterizedTest" time="0.011" errors="0" timestamp="2021-06-12T18:38:38 IST" skipped="0">
  <testcase classname="com.maven.testng.TestNg.ParameterizedTest" name="details" time="0.011"/>
</testsuite> <!-- com.maven.testng.TestNg.ParameterizedTest -->
