<?xml version="1.0" encoding="UTF-8"?>
<!-- Generated by org.testng.reporters.JUnitReportReporter -->
<testsuite hostname="LAPTOP-2N27VAFV" failures="0" tests="5" name="com.maven.testng.TestNg.IgnoreTEest" time="0.010" errors="0" timestamp="2021-06-05T14:53:43 IST" skipped="0">
  <testcase classname="com.maven.testng.TestNg.IgnoreTEest" name="downlod" time="0.001"/>
  <testcase classname="com.maven.testng.TestNg.IgnoreTEest" name="delete" time="0.007"/>
  <testcase classname="com.maven.testng.TestNg.IgnoreTEest" name="shutdown" time="0.001"/>
  <testcase classname="com.maven.testng.TestNg.IgnoreTEest" name="utorrent" time="0.000"/>
  <testcase classname="com.maven.testng.TestNg.IgnoreTEest" name="switchon" time="0.001"/>
</testsuite> <!-- com.maven.testng.TestNg.IgnoreTEest -->
