<?xml version="1.0" encoding="UTF-8"?>
<!-- Generated by org.testng.reporters.JUnitReportReporter -->
<testsuite hostname="LAPTOP-2N27VAFV" failures="0" tests="4" name="com.maven.testng.TestNg.DataProviderFeature" time="0.010" errors="0" timestamp="2021-06-21T12:01:37 IST" skipped="0">
  <testcase classname="com.maven.testng.TestNg.DataProviderFeature" name="credentials" time="0.007"/>
  <testcase classname="com.maven.testng.TestNg.DataProviderFeature" name="credentials" time="0.002"/>
  <testcase classname="com.maven.testng.TestNg.DataProviderFeature" name="credentials" time="0.000"/>
  <testcase classname="com.maven.testng.TestNg.DataProviderFeature" name="credentials" time="0.001"/>
</testsuite> <!-- com.maven.testng.TestNg.DataProviderFeature -->
