<?xml version="1.0" encoding="UTF-8"?>
<!-- Generated by org.testng.reporters.JUnitReportReporter -->
<testsuite hostname="LAPTOP-2N27VAFV" failures="0" tests="11" name="com.maven.testng.TestNg.InvocationTest" time="0.030" errors="0" timestamp="2021-06-06T00:27:35 IST" skipped="0">
  <testcase classname="com.maven.testng.TestNg.InvocationTest" name="utorrent" time="0.000"/>
  <testcase classname="com.maven.testng.TestNg.InvocationTest" name="utorrent" time="0.002"/>
  <testcase classname="com.maven.testng.TestNg.InvocationTest" name="clickwindows" time="0.014"/>
  <testcase classname="com.maven.testng.TestNg.InvocationTest" name="downlod" time="0.002"/>
  <testcase classname="com.maven.testng.TestNg.InvocationTest" name="clickwindows" time="0.001"/>
  <testcase classname="com.maven.testng.TestNg.InvocationTest" name="delete" time="0.002"/>
  <testcase classname="com.maven.testng.TestNg.InvocationTest" name="downlod" time="0.001"/>
  <testcase classname="com.maven.testng.TestNg.InvocationTest" name="delete" time="0.003"/>
  <testcase classname="com.maven.testng.TestNg.InvocationTest" name="switchon" time="0.002"/>
  <testcase classname="com.maven.testng.TestNg.InvocationTest" name="shutdown" time="0.001"/>
  <testcase classname="com.maven.testng.TestNg.InvocationTest" name="shutdown" time="0.002"/>
</testsuite> <!-- com.maven.testng.TestNg.InvocationTest -->
