<?xml version="1.0" encoding="UTF-8"?>
<!-- Generated by org.testng.reporters.JUnitReportReporter -->
<testsuite hostname="LAPTOP-2N27VAFV" failures="0" tests="2" name="com.maven.testng.TestNg.ExceptionTest" time="0.009" errors="0" timestamp="2021-06-05T15:14:48 IST" skipped="0">
  <testcase classname="com.maven.testng.TestNg.ExceptionTest" name="add" time="0.008"/>
  <testcase classname="com.maven.testng.TestNg.ExceptionTest" name="divide" time="0.001"/>
</testsuite> <!-- com.maven.testng.TestNg.ExceptionTest -->
