<?xml version="1.0" encoding="UTF-8"?>
<!-- Generated by org.testng.reporters.JUnitReportReporter -->
<testsuite hostname="LAPTOP-2N27VAFV" failures="0" tests="6" name="com.maven.testng.TestNg.PriorityTest" time="0.021" errors="0" timestamp="2021-06-05T15:02:06 IST" skipped="0">
  <testcase classname="com.maven.testng.TestNg.PriorityTest" name="switchon" time="0.008"/>
  <testcase classname="com.maven.testng.TestNg.PriorityTest" name="clickwindows" time="0.002"/>
  <testcase classname="com.maven.testng.TestNg.PriorityTest" name="utorrent" time="0.002"/>
  <testcase classname="com.maven.testng.TestNg.PriorityTest" name="downlod" time="0.003"/>
  <testcase classname="com.maven.testng.TestNg.PriorityTest" name="delete" time="0.003"/>
  <testcase classname="com.maven.testng.TestNg.PriorityTest" name="shutdown" time="0.003"/>
</testsuite> <!-- com.maven.testng.TestNg.PriorityTest -->
