<?xml version="1.0" encoding="UTF-8"?>
<!-- Generated by org.testng.reporters.JUnitReportReporter -->
<testsuite hostname="LAPTOP-2N27VAFV" failures="0" tests="3" name="com.maven.testng.TestNg.ParallelTest" time="19.425" errors="0" timestamp="2021-06-12T17:20:23 IST" skipped="0">
  <testcase classname="com.maven.testng.TestNg.ParallelTest" name="instagram" time="5.355"/>
  <testcase classname="com.maven.testng.TestNg.ParallelTest" name="Flipkart" time="7.055"/>
  <testcase classname="com.maven.testng.TestNg.ParallelTest" name="amazon" time="7.015"/>
</testsuite> <!-- com.maven.testng.TestNg.ParallelTest -->
