<?xml version="1.0" encoding="UTF-8"?>
<!-- Generated by org.testng.reporters.JUnitReportReporter -->
<testsuite hostname="LAPTOP-2N27VAFV" failures="0" tests="3" name="com.maven.testng.TestNg.SimpleAnnotations" time="0.009" errors="0" timestamp="2021-06-08T20:21:19 IST" skipped="0">
  <testcase classname="com.maven.testng.TestNg.SimpleAnnotations" name="akka" time="0.007"/>
  <testcase classname="com.maven.testng.TestNg.SimpleAnnotations" name="sis" time="0.001"/>
  <testcase classname="com.maven.testng.TestNg.SimpleAnnotations" name="sister" time="0.001"/>
</testsuite> <!-- com.maven.testng.TestNg.SimpleAnnotations -->
