<?xml version="1.0" encoding="UTF-8"?>
<!-- Generated by org.testng.reporters.JUnitReportReporter -->
<testsuite hostname="LAPTOP-2N27VAFV" failures="0" tests="1" name="com.maven.testng.TestNg.TimeOut" time="2.023" errors="0" timestamp="2021-06-05T15:09:22 IST" skipped="0">
  <testcase classname="com.maven.testng.TestNg.TimeOut" name="series" time="2.023"/>
</testsuite> <!-- com.maven.testng.TestNg.TimeOut -->
